<?xml version="1.0" encoding="UTF-8"?>
<!-- Generated by org.testng.reporters.JUnitReportReporter -->
<testsuite skipped="0" hostname="DESKTOP-DMFOMA2" name="Scripts.RemoveProductfromCart" tests="1" failures="0" timestamp="25 Jun 2018 11:48:20 GMT" time="47.707" errors="0">
  <testcase name="testingScript" time="47.707" classname="Scripts.RemoveProductfromCart"/>
</testsuite> <!-- Scripts.RemoveProductfromCart -->
