<?xml version="1.0" encoding="UTF-8"?>
<!-- Generated by org.testng.reporters.JUnitReportReporter -->
<testsuite skipped="0" hostname="DESKTOP-DMFOMA2" name="Scripts.AddProducttoCart" tests="1" failures="0" timestamp="25 Jun 2018 11:48:20 GMT" time="55.285" errors="0">
  <testcase name="testingScript" time="55.285" classname="Scripts.AddProducttoCart"/>
</testsuite> <!-- Scripts.AddProducttoCart -->
